This is LuaTeX, Version 1.0.4 (TeX Live 2017)  (format=lualatex 2017.11.30)  15 DEC 2017 12:26
 restricted system commands enabled.
**main.tex
(./main.tex
LaTeX2e <2017-04-15>
Lua module: luaotfload-main 2017/01/29 2.80001 OpenType layout system.
Lua module: lualibs 2017-02-01 2.5 ConTeXt Lua standard libraries.
Lua module: lualibs-extended 2017-02-01 2.5 ConTeXt Lua libraries -- extended co
llection.(using write cache: /Users/toni_brain/Library/texlive/2017/texmf-var/lu
atex-cache/generic)(using read cache: /usr/local/texlive/2017/texmf-var/luatex-c
ache/generic /Users/toni_brain/Library/texlive/2017/texmf-var/luatex-cache/gener
ic)
luaotfload | conf : Root cache directory is /Users/toni_brain/Library/texlive/20
17/texmf-var/luatex-cache/generic/names.
luaotfload | init : Loading fontloader “fontloader-2017-02-11.lua” from kpse
-resolved path “/usr/local/texlive/2017/texmf-dist/tex/luatex/luaotfload/fontl
oader-2017-02-11.lua”.
Lua-only attribute luaotfload@state = 1
Lua-only attribute luaotfload@noligature = 2
Lua-only attribute luaotfload@syllabe = 3
luaotfload | init : Context OpenType loader version “3.027”
Inserting `luaotfload.node_processor' at position 1 in `pre_linebreak_filter'.
Inserting `luaotfload.node_processor' at position 1 in `hpack_filter'.
Inserting `luaotfload.define_font' at position 1 in `define_font'.
Lua-only attribute luaotfload_color_attribute = 4
luaotfload | conf : Root cache directory is /Users/toni_brain/Library/texlive/20
17/texmf-var/luatex-cache/generic/names.
Inserting `luaotfload.aux.set_sscale_dimens' at position 1 in `luaotfload.patch_
font'.
Inserting `luaotfload.aux.patch_cambria_domh' at position 2 in `luaotfload.patch
_font'.
Inserting `luaotfload.aux.fixup_fontdata' at position 1 in `luaotfload.patch_fon
t_unsafe'.
Inserting `luaotfload.aux.set_capheight' at position 3 in `luaotfload.patch_font
'.
Inserting `luaotfload.rewrite_fontname' at position 4 in `luaotfload.patch_font'
.
luaotfload | main : initialization completed in 0.109 seconds
Babel <3.15> and hyphenation patterns for 1 language(s) loaded.
(./livecoms.cls
Document Class: livecoms 2017/08/10, v0.5...
(/usr/local/texlive/2017/texmf-dist/tex/generic/babel/babel.sty
Package: babel 2017/11/03 3.15 The Babel package

(/usr/local/texlive/2017/texmf-dist/tex/generic/babel/switch.def
File: switch.def 2017/11/03 3.15 Babel switching mechanism
)
(/usr/local/texlive/2017/texmf-dist/tex/generic/babel/luababel.def
\l@dumylang=\language2
Package babel Info: Non-standard hyphenation setup on input line 112.
\l@nohyphenation=\language3
\l@german-x-2017-03-31=\language4
\l@ngerman-x-2017-03-31=\language5
\l@afrikaans=\language6
\l@ancientgreek=\language7
\l@ibycus=\language8
\l@arabic=\language9
\l@armenian=\language10
\l@basque=\language11
\l@belarusian=\language12
\l@bulgarian=\language13
\l@catalan=\language14
\l@pinyin=\language15
\l@churchslavonic=\language16
\l@coptic=\language17
\l@croatian=\language18
\l@czech=\language19
\l@danish=\language20
\l@dutch=\language21
\l@ukenglish=\language22
\l@usenglishmax=\language23
\l@esperanto=\language24
\l@estonian=\language25
\l@ethiopic=\language26
\l@farsi=\language27
\l@finnish=\language28
\l@french=\language29
\l@friulan=\language30
\l@galician=\language31
\l@georgian=\language32
\l@german=\language33
\l@ngerman=\language34
\l@swissgerman=\language35
\l@monogreek=\language36
\l@greek=\language37
\l@hungarian=\language38
\l@icelandic=\language39
\l@assamese=\language40
\l@bengali=\language41
\l@gujarati=\language42
\l@hindi=\language43
\l@kannada=\language44
\l@malayalam=\language45
\l@marathi=\language46
\l@oriya=\language47
\l@panjabi=\language48
\l@tamil=\language49
\l@telugu=\language50
\l@indonesian=\language51
\l@interlingua=\language52
\l@irish=\language53
\l@italian=\language54
\l@kurmanji=\language55
\l@latin=\language56
\l@classiclatin=\language57
\l@liturgicallatin=\language58
\l@latvian=\language59
\l@lithuanian=\language60
\l@mongolian=\language61
\l@mongolianlmc=\language62
\l@bokmal=\language63
\l@nynorsk=\language64
\l@occitan=\language65
\l@piedmontese=\language66
\l@polish=\language67
\l@portuguese=\language68
\l@romanian=\language69
\l@romansh=\language70
\l@russian=\language71
\l@sanskrit=\language72
\l@serbian=\language73
\l@serbianc=\language74
\l@slovak=\language75
\l@slovenian=\language76
\l@spanish=\language77
\l@swedish=\language78
\l@thai=\language79
\l@turkish=\language80
\l@turkmen=\language81
\l@ukrainian=\language82
\l@uppersorbian=\language83
\l@welsh=\language84
)
(/usr/local/texlive/2017/texmf-dist/tex/generic/babel-english/english.ldf
Language: english 2017/06/06 v3.3r English support from the babel system

(/usr/local/texlive/2017/texmf-dist/tex/generic/babel/babel.def
File: babel.def 2017/11/03 3.15 Babel common definitions

(/usr/local/texlive/2017/texmf-dist/tex/generic/babel/switch.def
File: switch.def 2017/11/03 3.15 Babel switching mechanism
)
\babel@savecnt=\count79
\U@D=\dimen102

(/usr/local/texlive/2017/texmf-dist/tex/generic/babel/luababel.def))
\l@canadian = a dialect from \language\l@american 
\l@australian = a dialect from \language\l@british 
\l@newzealand = a dialect from \language\l@british 
))
(/usr/local/texlive/2017/texmf-dist/tex/latex/tools/calc.sty
Package: calc 2014/10/28 v4.3 Infix arithmetic (KKT,FJ)
\calc@Acount=\count80
\calc@Bcount=\count81
\calc@Adimen=\dimen103
\calc@Bdimen=\dimen104
\calc@Askip=\skip41
\calc@Bskip=\skip42
LaTeX Info: Redefining \setlength on input line 80.
LaTeX Info: Redefining \addtolength on input line 81.
\calc@Ccount=\count82
\calc@Cskip=\skip43
)
(/usr/local/texlive/2017/texmf-dist/tex/latex/etoolbox/etoolbox.sty
Package: etoolbox 2017/11/22 v2.5 e-TeX tools for LaTeX (JAW)
\etb@tempcnta=\count83
)
(/usr/local/texlive/2017/texmf-dist/tex/latex/regexpatch/regexpatch.sty
(/usr/local/texlive/2017/texmf-dist/tex/latex/l3kernel/expl3.sty
Package: expl3 2017/11/14 L3 programming layer (loader) 

(/usr/local/texlive/2017/texmf-dist/tex/latex/l3kernel/expl3-code.tex
Package: expl3 2017/11/14 L3 programming layer (code)
\ucharcat@table=\catcodetable5
\c_max_int=\count84
\l_tmpa_int=\count85
\l_tmpb_int=\count86
\g_tmpa_int=\count87
\g_tmpb_int=\count88
\g__intarray_font_int=\count89
\g__prg_map_int=\count90
\c_log_iow=\count91
\l_iow_line_count_int=\count92
\l__iow_line_target_int=\count93
\l__iow_one_indent_int=\count94
\l__iow_indent_int=\count95
\c_zero_dim=\dimen105
\c_max_dim=\dimen106
\l_tmpa_dim=\dimen107
\l_tmpb_dim=\dimen108
\g_tmpa_dim=\dimen109
\g_tmpb_dim=\dimen110
\c_zero_skip=\skip44
\c_max_skip=\skip45
\l_tmpa_skip=\skip46
\l_tmpb_skip=\skip47
\g_tmpa_skip=\skip48
\g_tmpb_skip=\skip49
\c_zero_muskip=\muskip10
\c_max_muskip=\muskip11
\l_tmpa_muskip=\muskip12
\l_tmpb_muskip=\muskip13
\g_tmpa_muskip=\muskip14
\g_tmpb_muskip=\muskip15
\l_keys_choice_int=\count96
\c__fp_leading_shift_int=\count97
\c__fp_middle_shift_int=\count98
\c__fp_trailing_shift_int=\count99
\c__fp_big_leading_shift_int=\count100
\c__fp_big_middle_shift_int=\count101
\c__fp_big_trailing_shift_int=\count102
\c__fp_Bigg_leading_shift_int=\count103
\c__fp_Bigg_middle_shift_int=\count104
\c__fp_Bigg_trailing_shift_int=\count105
\c__fp_rand_size_int=\count106
\c__fp_rand_four_int=\count107
\c__fp_rand_eight_int=\count108
\l__sort_length_int=\count109
\l__sort_min_int=\count110
\l__sort_top_int=\count111
\l__sort_max_int=\count112
\l__sort_true_max_int=\count113
\l__sort_block_int=\count114
\l__sort_begin_int=\count115
\l__sort_end_int=\count116
\l__sort_A_int=\count117
\l__sort_B_int=\count118
\l__sort_C_int=\count119
\l__tl_build_start_index_int=\count120
\l__tl_build_index_int=\count121
\l__tl_analysis_normal_int=\count122
\l__tl_analysis_index_int=\count123
\l__tl_analysis_nesting_int=\count124
\l__tl_analysis_type_int=\count125
\l__regex_internal_a_int=\count126
\l__regex_internal_b_int=\count127
\l__regex_internal_c_int=\count128
\l__regex_balance_int=\count129
\l__regex_group_level_int=\count130
\l__regex_mode_int=\count131
\c__regex_cs_in_class_mode_int=\count132
\c__regex_cs_mode_int=\count133
\l__regex_catcodes_int=\count134
\l__regex_default_catcodes_int=\count135
\c__regex_catcode_L_int=\count136
\c__regex_catcode_O_int=\count137
\c__regex_catcode_A_int=\count138
\c__regex_all_catcodes_int=\count139
\l__regex_show_lines_int=\count140
\l__regex_min_state_int=\count141
\l__regex_max_state_int=\count142
\l__regex_left_state_int=\count143
\l__regex_right_state_int=\count144
\l__regex_capturing_group_int=\count145
\l__regex_min_pos_int=\count146
\l__regex_max_pos_int=\count147
\l__regex_curr_pos_int=\count148
\l__regex_start_pos_int=\count149
\l__regex_success_pos_int=\count150
\l__regex_curr_char_int=\count151
\l__regex_curr_catcode_int=\count152
\l__regex_last_char_int=\count153
\l__regex_case_changed_char_int=\count154
\l__regex_curr_state_int=\count155
\l__regex_step_int=\count156
\l__regex_min_active_int=\count157
\l__regex_max_active_int=\count158
\l__regex_replacement_csnames_int=\count159
\l__regex_match_count_int=\count160
\l__regex_min_submatch_int=\count161
\l__regex_submatch_int=\count162
\l__regex_zeroth_submatch_int=\count163
\g__debug_trace_regex_int=\count164
\c_empty_box=\box26
\l_tmpa_box=\box27
\l_tmpb_box=\box28
\g_tmpa_box=\box29
\g_tmpb_box=\box30
\l__box_top_dim=\dimen111
\l__box_bottom_dim=\dimen112
\l__box_left_dim=\dimen113
\l__box_right_dim=\dimen114
\l__box_top_new_dim=\dimen115
\l__box_bottom_new_dim=\dimen116
\l__box_left_new_dim=\dimen117
\l__box_right_new_dim=\dimen118
\l__box_internal_box=\box31
\l__coffin_internal_box=\box32
\l__coffin_internal_dim=\dimen119
\l__coffin_offset_x_dim=\dimen120
\l__coffin_offset_y_dim=\dimen121
\l__coffin_x_dim=\dimen122
\l__coffin_y_dim=\dimen123
\l__coffin_x_prime_dim=\dimen124
\l__coffin_y_prime_dim=\dimen125
\c_empty_coffin=\box33
\l__coffin_aligned_coffin=\box34
\l__coffin_aligned_internal_coffin=\box35
\l_tmpa_coffin=\box36
\l_tmpb_coffin=\box37
\l__coffin_display_coffin=\box38
\l__coffin_display_coord_coffin=\box39
\l__coffin_display_pole_coffin=\box40
\l__coffin_display_offset_dim=\dimen126
\l__coffin_display_x_dim=\dimen127
\l__coffin_display_y_dim=\dimen128
\l__coffin_bounding_shift_dim=\dimen129
\l__coffin_left_corner_dim=\dimen130
\l__coffin_right_corner_dim=\dimen131
\l__coffin_bottom_corner_dim=\dimen132
\l__coffin_top_corner_dim=\dimen133
\l__coffin_scaled_total_height_dim=\dimen134
\l__coffin_scaled_width_dim=\dimen135
)
(/usr/local/texlive/2017/texmf-dist/tex/latex/l3kernel/l3pdfmode.def
File: l3pdfmode.def 2017/03/18 v L3 Experimental driver: PDF mode
\l__driver_color_stack_int=\count165
\l__driver_tmp_box=\box41
))
Package: regexpatch 2016/05/15 v0.2b Extending etoolbox patching commands

(/usr/local/texlive/2017/texmf-dist/tex/latex/l3packages/xparse/xparse.sty
Package: xparse 2017/11/14 L3 Experimental document command parser
\l__xparse_current_arg_int=\count166
\g__xparse_grabber_int=\count167
\l__xparse_m_args_int=\count168
\l__xparse_mandatory_args_int=\count169
\l__xparse_v_nesting_int=\count170
)
(/usr/local/texlive/2017/texmf-dist/tex/latex/l3kernel/l3regex.sty
Package: l3regex 2017/03/18 Obsolete L3 package 

*****************************************************************
** 
** Package l3regex is obsolete and has been removed!
** 
** Its functionality is now only provided as part of the expl3 package.
** 
** The old packages will be removed entirely at the end of 2018.
** 
** Therefore, please replace '\usepackage{l3regex}'
** with '\usepackage{expl3}' in your documents as soon as possible.
** 
*******************************************************************

Package l3regex Warning: This package is obsolete --- use 'expl3' instead on inp
ut line 42.

)
.................................................
. LaTeX info: "xparse/define-command"
. 
. Defining command \xshowcmd with sig. 's+m' on line 374.
.................................................
.................................................
. LaTeX info: "xparse/define-command"
. 
. Defining command \xpretocmd with sig. '+m+m+m+m' on line 376.
.................................................
.................................................
. LaTeX info: "xparse/define-command"
. 
. Defining command \xapptocmd with sig. '+m+m+m+m' on line 378.
.................................................
.................................................
. LaTeX info: "xparse/define-command"
. 
. Defining command \regexpatchcmd with sig. 's+m+m+m+m+m' on line 384.
.................................................
.................................................
. LaTeX info: "xparse/define-command"
. 
. Defining command \xpatchcmd with sig. 's+m+m+m+m+m' on line 390.
.................................................
.................................................
. LaTeX info: "xparse/define-command"
. 
. Defining command \xshowbibmacro with sig. 's+m' on line 403.
.................................................
.................................................
. LaTeX info: "xparse/define-command"
. 
. Defining command \xpretobibmacro with sig. '+m+m+m+m' on line 408.
.................................................
.................................................
. LaTeX info: "xparse/define-command"
. 
. Defining command \xapptobibmacro with sig. '+m+m+m+m' on line 413.
.................................................
.................................................
. LaTeX info: "xparse/define-command"
. 
. Defining command \xpatchbibmacro with sig. 's+m+m+m+m+m' on line 425.
.................................................
.................................................
. LaTeX info: "xparse/define-command"
. 
. Defining command \regexpatchbibmacro with sig. 's+m+m+m+m+m' on line 437.
.................................................
.................................................
. LaTeX info: "xparse/define-command"
. 
. Defining command \xshowbibdriver with sig. 's+m' on line 450.
.................................................
.................................................
. LaTeX info: "xparse/define-command"
. 
. Defining command \xpretobibdriver with sig. '+m+m+m+m' on line 452.
.................................................
.................................................
. LaTeX info: "xparse/define-command"
. 
. Defining command \xapptobibdriver with sig. '+m+m+m+m' on line 454.
.................................................
.................................................
. LaTeX info: "xparse/define-command"
. 
. Defining command \xpatchbibdriver with sig. 's+m+m+m+m+m' on line 460.
.................................................
.................................................
. LaTeX info: "xparse/define-command"
. 
. Defining command \regexpatchbibdriver with sig. 's+m+m+m+m+m' on line 466.
.................................................
.................................................
. LaTeX info: "xparse/define-command"
. 
. Defining command \xshowfieldformat with sig. 'sO{*}+m' on line 479.
.................................................
.................................................
. LaTeX info: "xparse/define-command"
. 
. Defining command \xpretofieldformat with sig. 'sO{*}+m+m+m+m' on line 491.
.................................................
.................................................
. LaTeX info: "xparse/define-command"
. 
. Defining command \xapptofieldformat with sig. 'sO{*}+m+m+m+m' on line 503.
.................................................
.................................................
. LaTeX info: "xparse/define-command"
. 
. Defining command \xpatchfieldformat with sig. 'sO{*}+m+m+m+m+m' on line 515.
.................................................
.................................................
. LaTeX info: "xparse/define-command"
. 
. Defining command \regexpatchfieldformat with sig. 'sO{*}+m+m+m+m+m' on line
. 527.
.................................................
.................................................
. LaTeX info: "xparse/define-command"
. 
. Defining command \xshownameformat with sig. 'sO{*}+m' on line 541.
.................................................
.................................................
. LaTeX info: "xparse/define-command"
. 
. Defining command \xpretonameformat with sig. 'sO{*}+m+m+m+m' on line 553.
.................................................
.................................................
. LaTeX info: "xparse/define-command"
. 
. Defining command \xapptonameformat with sig. 'sO{*}+m+m+m+m' on line 565.
.................................................
.................................................
. LaTeX info: "xparse/define-command"
. 
. Defining command \xpatchnameformat with sig. 'sO{*}+m+m+m+m+m' on line 577.
.................................................
.................................................
. LaTeX info: "xparse/define-command"
. 
. Defining command \regexpatchnameformat with sig. 'sO{*}+m+m+m+m+m' on line
. 589.
.................................................
.................................................
. LaTeX info: "xparse/define-command"
. 
. Defining command \xshowlistformat with sig. 'sO{*}+m' on line 603.
.................................................
.................................................
. LaTeX info: "xparse/define-command"
. 
. Defining command \xpretolistformat with sig. 'sO{*}+m+m+m+m' on line 615.
.................................................
.................................................
. LaTeX info: "xparse/define-command"
. 
. Defining command \xapptolistformat with sig. 'sO{*}+m+m+m+m' on line 627.
.................................................
.................................................
. LaTeX info: "xparse/define-command"
. 
. Defining command \xpatchlistformat with sig. 'sO{*}+m+m+m+m+m' on line 639.
.................................................
.................................................
. LaTeX info: "xparse/define-command"
. 
. Defining command \regexpatchlistformat with sig. 'sO{*}+m+m+m+m+m' on line
. 651.
.................................................
.................................................
. LaTeX info: "xparse/define-command"
. 
. Defining command \xshowindexfieldformat with sig. 'sO{*}+m' on line 665.
.................................................
.................................................
. LaTeX info: "xparse/define-command"
. 
. Defining command \xpretoindexfieldformat with sig. 'sO{*}+m+m+m+m' on line
. 677.
.................................................
.................................................
. LaTeX info: "xparse/define-command"
. 
. Defining command \xapptoindexfieldformat with sig. 'sO{*}+m+m+m+m' on line
. 689.
.................................................
.................................................
. LaTeX info: "xparse/define-command"
. 
. Defining command \xpatchindexfieldformat with sig. 'sO{*}+m+m+m+m+m' on line
. 701.
.................................................
.................................................
. LaTeX info: "xparse/define-command"
. 
. Defining command \regexpatchindexfieldformat with sig. 'sO{*}+m+m+m+m+m' on
. line 713.
.................................................
.................................................
. LaTeX info: "xparse/define-command"
. 
. Defining command \xshowindexnameformat with sig. 'sO{*}+m' on line 727.
.................................................
.................................................
. LaTeX info: "xparse/define-command"
. 
. Defining command \xpretoindexnameformat with sig. 'sO{*}+m+m+m+m' on line
. 739.
.................................................
.................................................
. LaTeX info: "xparse/define-command"
. 
. Defining command \xapptoindexnameformat with sig. 'sO{*}+m+m+m+m' on line
. 751.
.................................................
.................................................
. LaTeX info: "xparse/define-command"
. 
. Defining command \xpatchindexnameformat with sig. 'sO{*}+m+m+m+m+m' on line
. 763.
.................................................
.................................................
. LaTeX info: "xparse/define-command"
. 
. Defining command \regexpatchindexnameformat with sig. 'sO{*}+m+m+m+m+m' on
. line 775.
.................................................
.................................................
. LaTeX info: "xparse/define-command"
. 
. Defining command \xshowindexlistformat with sig. 'sO{*}+m' on line 789.
.................................................
.................................................
. LaTeX info: "xparse/define-command"
. 
. Defining command \xpretoindexlistformat with sig. 'sO{*}+m+m+m+m' on line
. 801.
.................................................
.................................................
. LaTeX info: "xparse/define-command"
. 
. Defining command \xapptoindexlistformat with sig. 'sO{*}+m+m+m+m' on line
. 813.
.................................................
.................................................
. LaTeX info: "xparse/define-command"
. 
. Defining command \xpatchindexlistformat with sig. 'sO{*}+m+m+m+m+m' on line
. 825.
.................................................
.................................................
. LaTeX info: "xparse/define-command"
. 
. Defining command \regexpatchindexlistformat with sig. 'sO{*}+m+m+m+m+m' on
. line 837.
.................................................
.................................................
. LaTeX info: "xparse/define-command"
. 
. Defining command \checkpatchable with sig. '+m' on line 844.
.................................................
.................................................
. LaTeX info: "xparse/define-command"
. 
. Defining command \xpatchoptarg with sig. '+m+m' on line 873.
.................................................
.................................................
. LaTeX info: "xparse/define-command"
. 
. Defining command \tracingxpatches with sig. 'O{1}' on line 879.
.................................................
.................................................
. LaTeX info: "xparse/define-command"
. 
. Defining command \xpatchparametertext with sig. '+m+m+m+m+m' on line 892.
.................................................
) (/usr/local/texlive/2017/texmf-dist/tex/generic/ifxetex/ifxetex.sty
Package: ifxetex 2010/09/12 v0.6 Provides ifxetex conditional
)
(/usr/local/texlive/2017/texmf-dist/tex/generic/oberdiek/ifluatex.sty
Package: ifluatex 2016/05/16 v1.4 Provides the ifluatex switch (HO)
Package ifluatex Info: LuaTeX detected.
)
(/usr/local/texlive/2017/texmf-dist/tex/latex/extsizes/extarticle.cls
Document Class: extarticle 1996/10/08 v1.0 Non Standard LaTeX document class
(/usr/local/texlive/2017/texmf-dist/tex/latex/extsizes/size9.clo
File: size9.clo 1999/11/11 v1.4a NON-Standard LaTeX file (size option)
luaotfload | db : Font names database loaded from /Users/toni_brain/Library/texl
ive/2017/texmf-var/luatex-cache/generic/names/luaotfload-names.luc(load luc: /Us
ers/toni_brain/Library/texlive/2017/texmf-var/luatex-cache/generic/fonts/otl/lmr
oman9-regular.luc))
(/usr/local/texlive/2017/texmf-dist/tex/latex/base/exscale.sty
Package: exscale 2014/09/29 v2.1h Standard LaTeX package exscale
LaTeX Font Info:    Redeclaring symbol font `largesymbols' on input line 57.
LaTeX Font Info:    Overwriting symbol font `largesymbols' in version `normal'
(Font)                  OMX/cmex/m/n --> OMX/cmex/m/n on input line 57.
LaTeX Font Info:    Overwriting symbol font `largesymbols' in version `bold'
(Font)                  OMX/cmex/m/n --> OMX/cmex/m/n on input line 57.
\big@size=\dimen136
)
\c@part=\count171
\c@section=\count172
\c@subsection=\count173
\c@subsubsection=\count174
\c@paragraph=\count175
\c@subparagraph=\count176
\c@figure=\count177
\c@table=\count178
\abovecaptionskip=\skip50
\belowcaptionskip=\skip51
\bibindent=\dimen137
)
(/usr/local/texlive/2017/texmf-dist/tex/latex/amsmath/amsmath.sty
Package: amsmath 2017/09/02 v2.17a AMS math features
\@mathmargin=\skip52

For additional information on amsmath, use the `?' option.
(/usr/local/texlive/2017/texmf-dist/tex/latex/amsmath/amstext.sty
Package: amstext 2000/06/29 v2.01 AMS text

(/usr/local/texlive/2017/texmf-dist/tex/latex/amsmath/amsgen.sty
File: amsgen.sty 1999/11/30 v2.0 generic functions
\@emptytoks=\toks14
\ex@=\dimen138
))
(/usr/local/texlive/2017/texmf-dist/tex/latex/amsmath/amsbsy.sty
Package: amsbsy 1999/11/29 v1.2d Bold Symbols
\pmbraise@=\dimen139
)
(/usr/local/texlive/2017/texmf-dist/tex/latex/amsmath/amsopn.sty
Package: amsopn 2016/03/08 v2.02 operator names
)
\inf@bad=\count179
LaTeX Info: Redefining \frac on input line 213.
\uproot@=\count180
\leftroot@=\count181
LaTeX Info: Redefining \overline on input line 375.
\classnum@=\count182
\DOTSCASE@=\count183
LaTeX Info: Redefining \ldots on input line 472.
LaTeX Info: Redefining \dots on input line 475.
LaTeX Info: Redefining \cdots on input line 596.
\Mathstrutbox@=\box42
\strutbox@=\box43
\big@size=\dimen140
LaTeX Font Info:    Redeclaring font encoding OML on input line 712.
LaTeX Font Info:    Redeclaring font encoding OMS on input line 713.
\macc@depth=\count184
\c@MaxMatrixCols=\count185
\dotsspace@=\muskip16
\c@parentequation=\count186
\dspbrk@lvl=\count187
\tag@help=\toks15
\row@=\count188
\column@=\count189
\maxfields@=\count190
\andhelp@=\toks16
\eqnshift@=\dimen141
\alignsep@=\dimen142
\tagshift@=\dimen143
\tagwidth@=\dimen144
\totwidth@=\dimen145
\lineht@=\dimen146
\@envbody=\toks17
\multlinegap=\skip53
\multlinetaggap=\skip54
\mathdisplay@stack=\toks18
LaTeX Info: Redefining \[ on input line 2817.
LaTeX Info: Redefining \] on input line 2818.
)
(/usr/local/texlive/2017/texmf-dist/tex/latex/amsfonts/amssymb.sty
Package: amssymb 2013/01/14 v3.01 AMS font symbols

(/usr/local/texlive/2017/texmf-dist/tex/latex/amsfonts/amsfonts.sty
Package: amsfonts 2013/01/14 v3.01 Basic AMSFonts support
\symAMSa=\mathgroup4
\symAMSb=\mathgroup5
LaTeX Font Info:    Overwriting math alphabet `\mathfrak' in version `bold'
(Font)                  U/euf/m/n --> U/euf/b/n on input line 106.
))
(/usr/local/texlive/2017/texmf-dist/tex/latex/mdframed/mdframed.sty
Package: mdframed 2013/07/01 1.9b: mdframed

(/usr/local/texlive/2017/texmf-dist/tex/latex/oberdiek/kvoptions.sty
Package: kvoptions 2016/05/16 v3.12 Key value format for package options (HO)

(/usr/local/texlive/2017/texmf-dist/tex/latex/graphics/keyval.sty
Package: keyval 2014/10/28 v1.15 key=value parser (DPC)
\KV@toks@=\toks19
)
(/usr/local/texlive/2017/texmf-dist/tex/generic/oberdiek/ltxcmds.sty
Package: ltxcmds 2016/05/16 v1.23 LaTeX kernel commands for general use (HO)
)
(/usr/local/texlive/2017/texmf-dist/tex/generic/oberdiek/kvsetkeys.sty
Package: kvsetkeys 2016/05/16 v1.17 Key value parser (HO)

(/usr/local/texlive/2017/texmf-dist/tex/generic/oberdiek/infwarerr.sty
Package: infwarerr 2016/05/16 v1.4 Providing info/warning/error messages (HO)
)
(/usr/local/texlive/2017/texmf-dist/tex/generic/oberdiek/etexcmds.sty
Package: etexcmds 2016/05/16 v1.6 Avoid name clashes with e-TeX commands (HO)
)))
(/usr/local/texlive/2017/texmf-dist/tex/latex/oberdiek/zref-abspage.sty
Package: zref-abspage 2016/05/21 v2.26 Module abspage for zref (HO)

(/usr/local/texlive/2017/texmf-dist/tex/latex/oberdiek/zref-base.sty
Package: zref-base 2016/05/21 v2.26 Module base for zref (HO)

(/usr/local/texlive/2017/texmf-dist/tex/generic/oberdiek/kvdefinekeys.sty
Package: kvdefinekeys 2016/05/16 v1.4 Define keys (HO)
)
(/usr/local/texlive/2017/texmf-dist/tex/generic/oberdiek/pdftexcmds.sty
Package: pdftexcmds 2017/03/19 v0.25 Utility functions of pdfTeX for LuaTeX (HO)


(/usr/local/texlive/2017/texmf-dist/tex/generic/oberdiek/ifpdf.sty
Package: ifpdf 2017/03/15 v3.2 Provides the ifpdf switch
)
Package pdftexcmds Info: \pdf@primitive is available.
Package pdftexcmds Info: \pdf@ifprimitive is available.
Package pdftexcmds Info: \pdfdraftmode found.
\pdftexcmds@toks=\toks20
)
(/usr/local/texlive/2017/texmf-dist/tex/latex/oberdiek/auxhook.sty
Package: auxhook 2016/05/16 v1.4 Hooks for auxiliary files (HO)
)
Package zref Info: New property list: main on input line 759.
Package zref Info: New property: default on input line 760.
Package zref Info: New property: page on input line 761.
)
(/usr/local/texlive/2017/texmf-dist/tex/generic/oberdiek/atbegshi.sty
Package: atbegshi 2016/06/09 v1.18 At begin shipout hook (HO)
)
\c@abspage=\count191
Package zref Info: New property: abspage on input line 62.
)
(/usr/local/texlive/2017/texmf-dist/tex/latex/needspace/needspace.sty
Package: needspace 2010/09/12 v1.3d reserve vertical space
)
(/usr/local/texlive/2017/texmf-dist/tex/latex/graphics/color.sty
Package: color 2016/07/10 v1.1e Standard LaTeX Color (DPC)

(/usr/local/texlive/2017/texmf-dist/tex/latex/graphics-cfg/color.cfg
File: color.cfg 2016/01/02 v1.6 sample color configuration
)
Package color Info: Driver file: luatex.def on input line 147.

(/usr/local/texlive/2017/texmf-dist/tex/latex/graphics-def/luatex.def
File: luatex.def 2017/11/22 v1.0g Graphics/color driver for luatex
))
\mdf@templength=\skip55
\c@mdf@globalstyle@cnt=\count192
\mdf@skipabove@length=\skip56
\mdf@skipbelow@length=\skip57
\mdf@leftmargin@length=\skip58
\mdf@rightmargin@length=\skip59
\mdf@innerleftmargin@length=\skip60
\mdf@innerrightmargin@length=\skip61
\mdf@innertopmargin@length=\skip62
\mdf@innerbottommargin@length=\skip63
\mdf@splittopskip@length=\skip64
\mdf@splitbottomskip@length=\skip65
\mdf@outermargin@length=\skip66
\mdf@innermargin@length=\skip67
\mdf@linewidth@length=\skip68
\mdf@innerlinewidth@length=\skip69
\mdf@middlelinewidth@length=\skip70
\mdf@outerlinewidth@length=\skip71
\mdf@roundcorner@length=\skip72
\mdf@footenotedistance@length=\skip73
\mdf@userdefinedwidth@length=\skip74
\mdf@needspace@length=\skip75
\mdf@frametitleaboveskip@length=\skip76
\mdf@frametitlebelowskip@length=\skip77
\mdf@frametitlerulewidth@length=\skip78
\mdf@frametitleleftmargin@length=\skip79
\mdf@frametitlerightmargin@length=\skip80
\mdf@shadowsize@length=\skip81
\mdf@extratopheight@length=\skip82
\mdf@subtitleabovelinewidth@length=\skip83
\mdf@subtitlebelowlinewidth@length=\skip84
\mdf@subtitleaboveskip@length=\skip85
\mdf@subtitlebelowskip@length=\skip86
\mdf@subtitleinneraboveskip@length=\skip87
\mdf@subtitleinnerbelowskip@length=\skip88
\mdf@subsubtitleabovelinewidth@length=\skip89
\mdf@subsubtitlebelowlinewidth@length=\skip90
\mdf@subsubtitleaboveskip@length=\skip91
\mdf@subsubtitlebelowskip@length=\skip92
\mdf@subsubtitleinneraboveskip@length=\skip93
\mdf@subsubtitleinnerbelowskip@length=\skip94

(/usr/local/texlive/2017/texmf-dist/tex/latex/mdframed/md-frame-0.mdf
File: md-frame-0.mdf 2013/07/01\ 1.9b: md-frame-0
)
\mdf@frametitlebox=\box44
\mdf@footnotebox=\box45
\mdf@splitbox@one=\box46
\mdf@splitbox@two=\box47
\mdf@splitbox@save=\box48
\mdfsplitboxwidth=\skip95
\mdfsplitboxtotalwidth=\skip96
\mdfsplitboxheight=\skip97
\mdfsplitboxdepth=\skip98
\mdfsplitboxtotalheight=\skip99
\mdfframetitleboxwidth=\skip100
\mdfframetitleboxtotalwidth=\skip101
\mdfframetitleboxheight=\skip102
\mdfframetitleboxdepth=\skip103
\mdfframetitleboxtotalheight=\skip104
\mdffootnoteboxwidth=\skip105
\mdffootnoteboxtotalwidth=\skip106
\mdffootnoteboxheight=\skip107
\mdffootnoteboxdepth=\skip108
\mdffootnoteboxtotalheight=\skip109
\mdftotallinewidth=\skip110
\mdfboundingboxwidth=\skip111
\mdfboundingboxtotalwidth=\skip112
\mdfboundingboxheight=\skip113
\mdfboundingboxdepth=\skip114
\mdfboundingboxtotalheight=\skip115
\mdf@freevspace@length=\skip116
\mdf@horizontalwidthofbox@length=\skip117
\mdf@verticalmarginwhole@length=\skip118
\mdf@horizontalspaceofbox=\skip119
\mdfsubtitleheight=\skip120
\mdfsubsubtitleheight=\skip121
\c@mdfcountframes=\count193

****** mdframed patching \endmdf@trivlist

****** -- success******

.................................................
. LaTeX info: "xparse/define-command"
. 
. Defining command \newmdtheoremenv with sig. 'O{} m o m o ' on line 601.
.................................................
.................................................
. LaTeX info: "xparse/define-command"
. 
. Defining command \mdtheorem with sig. ' O{} m o m o ' on line 701.
.................................................
\mdf@envdepth=\count194
\c@mdf@env@i=\count195
\c@mdf@env@ii=\count196
\c@mdf@zref@counter=\count197
Package zref Info: New property: mdf@pagevalue on input line 895.
)
(/usr/local/texlive/2017/texmf-dist/tex/latex/lineno/lineno.sty
Package: lineno 2005/11/02 line numbers on paragraphs v4.41
\linenopenalty=\count198
\output=\toks21
\linenoprevgraf=\count199
\linenumbersep=\dimen147
\linenumberwidth=\dimen148
\c@linenumber=\count266
\c@pagewiselinenumber=\count267
\c@LN@truepage=\count268
\c@internallinenumber=\count269
\c@internallinenumbers=\count270
\quotelinenumbersep=\dimen149
\bframerule=\dimen150
\bframesep=\dimen151
\bframebox=\box49
LaTeX Info: Redefining \\ on input line 3056.
)
(/usr/local/texlive/2017/texmf-dist/tex/latex/fontspec/fontspec.sty
Package: fontspec 2017/11/09 v2.6g Font selection for XeLaTeX and LuaLaTeX
Lua module: fontspec 2017/11/09 2.6g Font selection for XeLaTeX and LuaLaTeX
(/usr/local/texlive/2017/texmf-dist/tex/latex/fontspec/fontspec-luatex.sty
Package: fontspec-luatex 2017/11/09 v2.6g Font selection for XeLaTeX and LuaLaTe
X
\l__fontspec_script_int=\count271
\l__fontspec_language_int=\count272
\l__fontspec_strnum_int=\count273
\l__fontspec_tmp_int=\count274
\l__fontspec_em_int=\count275
\l__fontspec_emdef_int=\count276
\l__fontspec_strong_int=\count277
\l__fontspec_strongdef_int=\count278
\l__fontspec_tmpa_dim=\dimen152
\l__fontspec_tmpb_dim=\dimen153
\l__fontspec_tmpc_dim=\dimen154
\g__file_internal_ior=\read1

(/usr/local/texlive/2017/texmf-dist/tex/latex/base/fontenc.sty
Package: fontenc 2017/04/05 v2.0i Standard LaTeX package

(/usr/local/texlive/2017/texmf-dist/tex/latex/base/tuenc.def
File: tuenc.def 2017/04/05 v2.0i Standard LaTeX file
LaTeX Font Info:    Redeclaring font encoding TU on input line 82.
))
.................................................
. LaTeX info: "xparse/define-command"
. 
. Defining command \fontspec with sig. 'O{}mO{}' on line 545.
.................................................
.................................................
. LaTeX info: "xparse/define-command"
. 
. Defining command \setmainfont with sig. 'O{}mO{}' on line 549.
.................................................
.................................................
. LaTeX info: "xparse/define-command"
. 
. Defining command \setsansfont with sig. 'O{}mO{}' on line 553.
.................................................
.................................................
. LaTeX info: "xparse/define-command"
. 
. Defining command \setmonofont with sig. 'O{}mO{}' on line 557.
.................................................
.................................................
. LaTeX info: "xparse/define-command"
. 
. Defining command \setmathrm with sig. 'O{}mO{}' on line 561.
.................................................
.................................................
. LaTeX info: "xparse/define-command"
. 
. Defining command \setboldmathrm with sig. 'O{}mO{}' on line 565.
.................................................
.................................................
. LaTeX info: "xparse/define-command"
. 
. Defining command \setmathsf with sig. 'O{}mO{}' on line 569.
.................................................
.................................................
. LaTeX info: "xparse/define-command"
. 
. Defining command \setmathtt with sig. 'O{}mO{}' on line 573.
.................................................
.................................................
. LaTeX info: "xparse/define-command"
. 
. Defining command \setromanfont with sig. 'O{}mO{}' on line 577.
.................................................
.................................................
. LaTeX info: "xparse/define-command"
. 
. Defining command \newfontfamily with sig. 'mO{}mO{}' on line 581.
.................................................
.................................................
. LaTeX info: "xparse/define-command"
. 
. Defining command \newfontface with sig. 'mO{}mO{}' on line 585.
.................................................
.................................................
. LaTeX info: "xparse/define-command"
. 
. Defining command \defaultfontfeatures with sig. 't+om' on line 589.
.................................................
.................................................
. LaTeX info: "xparse/define-command"
. 
. Defining command \addfontfeatures with sig. 'm' on line 593.
.................................................
.................................................
. LaTeX info: "xparse/define-command"
. 
. Defining command \addfontfeature with sig. 'm' on line 597.
.................................................
.................................................
. LaTeX info: "xparse/define-command"
. 
. Defining command \newfontfeature with sig. 'mm' on line 601.
.................................................
.................................................
. LaTeX info: "xparse/define-command"
. 
. Defining command \newAATfeature with sig. 'mmmm' on line 605.
.................................................
.................................................
. LaTeX info: "xparse/define-command"
. 
. Defining command \newopentypefeature with sig. 'mmm' on line 609.
.................................................
.................................................
. LaTeX info: "xparse/define-command"
. 
. Defining command \newICUfeature with sig. 'mmm' on line 613.
.................................................
.................................................
. LaTeX info: "xparse/define-command"
. 
. Defining command \aliasfontfeature with sig. 'mm' on line 617.
.................................................
.................................................
. LaTeX info: "xparse/define-command"
. 
. Defining command \aliasfontfeatureoption with sig. 'mmm' on line 621.
.................................................
.................................................
. LaTeX info: "xparse/define-command"
. 
. Defining command \newfontscript with sig. 'mm' on line 625.
.................................................
.................................................
. LaTeX info: "xparse/define-command"
. 
. Defining command \newfontlanguage with sig. 'mm' on line 629.
.................................................
.................................................
. LaTeX info: "xparse/define-command"
. 
. Defining command \DeclareFontsExtensions with sig. 'm' on line 633.
.................................................
.................................................
. LaTeX info: "xparse/define-command"
. 
. Defining command \IfFontFeatureActiveTF with sig. 'mmm' on line 637.
.................................................
.................................................
. LaTeX info: "xparse/define-command"
. 
. Defining command \EncodingCommand with sig. 'mO{}m' on line 3366.
.................................................
.................................................
. LaTeX info: "xparse/define-command"
. 
. Defining command \EncodingAccent with sig. 'mm' on line 3372.
.................................................
.................................................
. LaTeX info: "xparse/define-command"
. 
. Defining command \EncodingSymbol with sig. 'mm' on line 3378.
.................................................
.................................................
. LaTeX info: "xparse/define-command"
. 
. Defining command \EncodingComposite with sig. 'mmm' on line 3384.
.................................................
.................................................
. LaTeX info: "xparse/define-command"
. 
. Defining command \EncodingCompositeCommand with sig. 'mmm' on line 3390.
.................................................
.................................................
. LaTeX info: "xparse/define-command"
. 
. Defining command \DeclareUnicodeEncoding with sig. 'mm' on line 3415.
.................................................
.................................................
. LaTeX info: "xparse/define-command"
. 
. Defining command \UndeclareSymbol with sig. 'm' on line 3421.
.................................................
.................................................
. LaTeX info: "xparse/define-command"
. 
. Defining command \UndeclareAccent with sig. 'm' on line 3427.
.................................................
.................................................
. LaTeX info: "xparse/define-command"
. 
. Defining command \UndeclareCommand with sig. 'm' on line 3433.
.................................................
.................................................
. LaTeX info: "xparse/define-command"
. 
. Defining command \UndeclareComposite with sig. 'mm' on line 3440.
.................................................

(/usr/local/texlive/2017/texmf-dist/tex/latex/fontspec/fontspec.cfg)
LaTeX Info: Redefining \itshape on input line 3625.
LaTeX Info: Redefining \slshape on input line 3630.
LaTeX Info: Redefining \scshape on input line 3635.
LaTeX Info: Redefining \upshape on input line 3640.
LaTeX Info: Redefining \em on input line 3670.
LaTeX Info: Redefining \emph on input line 3695.
(load luc: /Users/toni_brain/Library/texlive/2017/texmf-var/luatex-cache/generic
/fonts/otl/lmroman9-bold.luc)(load luc: /Users/toni_brain/Library/texlive/2017/t
exmf-var/luatex-cache/generic/fonts/otl/lmroman9-italic.luc)
LaTeX Info: Redefining \- on input line 3749.
.................................................
. LaTeX info: "xparse/redefine-command"
. 
. Redefining command \oldstylenums with sig. 'm' on line 3844.
.................................................
.................................................
. LaTeX info: "xparse/define-command"
. 
. Defining command \liningnums with sig. 'm' on line 3848.
.................................................
))(load luc: /Users/toni_brain/Library/texlive/2017/texmf-var/luatex-cache/gener
ic/fonts/otl/opensans-regular.luc)
\g__fontspec_family_OpenSans_int=\count279
luaotfload | aux : font no 26 (nil) does not define feature smcp for script latn
 with language dflt
luaotfload | aux : no font with id 26(load luc: /Users/toni_brain/Library/texliv
e/2017/texmf-var/luatex-cache/generic/fonts/otl/opensans-bold.luc)
luaotfload | aux : font no 27 (nil) does not define feature smcp for script latn
 with language dflt
luaotfload | aux : no font with id 27(load luc: /Users/toni_brain/Library/texliv
e/2017/texmf-var/luatex-cache/generic/fonts/otl/opensans-italic.luc)
luaotfload | aux : font no 28 (nil) does not define feature smcp for script latn
 with language dflt
luaotfload | aux : no font with id 28(load luc: /Users/toni_brain/Library/texliv
e/2017/texmf-var/luatex-cache/generic/fonts/otl/opensans-bolditalic.luc)
luaotfload | aux : font no 29 (nil) does not define feature smcp for script latn
 with language dflt
luaotfload | aux : no font with id 29
.................................................
. fontspec info: "defining-font"
. 
. Font family 'OpenSans(0)' created for font 'OpenSans' with options
. [Ligatures=TeX,Ligatures = TeX,Extension = .ttf,UprightFont =
. *-Regular,BoldFont = *-Bold,ItalicFont = *-Italic,BoldItalicFont =
. *-BoldItalic].
.  
.  This font family consists of the following NFSS series/shapes:
.  
. - 'normal' (m/n) with NFSS spec.:
. <->"[OpenSans-Regular.ttf]:mode=node;script=latn;language=DFLT;+tlig;"
. - 'small caps'  (m/sc) with NFSS spec.: 
. - 'bold' (bx/n) with NFSS spec.:
. <->"[OpenSans-Bold.ttf]:mode=node;script=latn;language=DFLT;+tlig;"
. - 'bold small caps'  (bx/sc) with NFSS spec.: 
. - 'italic' (m/it) with NFSS spec.:
. <->"[OpenSans-Italic.ttf]:mode=node;script=latn;language=DFLT;+tlig;"
. - 'italic small caps'  (m/itsc) with NFSS spec.: 
. - 'bold italic' (bx/it) with NFSS spec.:
. <->"[OpenSans-BoldItalic.ttf]:mode=node;script=latn;language=DFLT;+tlig;"
. - 'bold italic small caps'  (bx/itsc) with NFSS spec.: 
.................................................
LaTeX Info: Redefining \rmfamily on input line 74.

(/usr/local/texlive/2017/texmf-dist/tex/latex/microtype/microtype.sty
Package: microtype 2017/07/07 v2.7 Micro-typographical refinements (RS)
\MT@toks=\toks22
\MT@count=\count280
LaTeX Info: Redefining \textls on input line 789.
\MT@outer@kern=\dimen155
LaTeX Info: Redefining \textmicrotypecontext on input line 1334.
\MT@listname@count=\count281

(/usr/local/texlive/2017/texmf-dist/tex/latex/microtype/microtype-luatex.def
File: microtype-luatex.def 2017/07/07 v2.7 Definitions specific to luatex (RS)
Lua module: microtype 2017/07/07 2.7 microtype module.
LaTeX Info: Redefining \lsstyle on input line 681.
LaTeX Info: Redefining \lslig on input line 681.
\MT@outer@space=\skip122
)
Package microtype Info: Loading configuration file microtype.cfg.

(/usr/local/texlive/2017/texmf-dist/tex/latex/microtype/microtype.cfg
File: microtype.cfg 2017/07/07 v2.7 microtype main configuration file (RS)
))
(/usr/local/texlive/2017/texmf-dist/tex/latex/graphics/graphicx.sty
Package: graphicx 2017/06/01 v1.1a Enhanced LaTeX Graphics (DPC,SPQR)

(/usr/local/texlive/2017/texmf-dist/tex/latex/graphics/graphics.sty
Package: graphics 2017/06/25 v1.2c Standard LaTeX Graphics (DPC,SPQR)

(/usr/local/texlive/2017/texmf-dist/tex/latex/graphics/trig.sty
Package: trig 2016/01/03 v1.10 sin cos tan (DPC)
)
(/usr/local/texlive/2017/texmf-dist/tex/latex/graphics-cfg/graphics.cfg
File: graphics.cfg 2016/06/04 v1.11 sample graphics configuration
)
Package graphics Info: Driver file: luatex.def on input line 99.
)
\Gin@req@height=\dimen156
\Gin@req@width=\dimen157
)
(/usr/local/texlive/2017/texmf-dist/tex/latex/xcolor/xcolor.sty
Package: xcolor 2016/05/11 v2.12 LaTeX color extensions (UK)

(/usr/local/texlive/2017/texmf-dist/tex/latex/graphics-cfg/color.cfg
File: color.cfg 2016/01/02 v1.6 sample color configuration
)
Package xcolor Info: Driver file: luatex.def on input line 225.
LaTeX Info: Redefining \color on input line 709.
Package xcolor Info: Model `cmy' substituted by `cmy0' on input line 1348.
Package xcolor Info: Model `hsb' substituted by `rgb' on input line 1352.
Package xcolor Info: Model `RGB' extended on input line 1364.
Package xcolor Info: Model `HTML' substituted by `rgb' on input line 1366.
Package xcolor Info: Model `Hsb' substituted by `hsb' on input line 1367.
Package xcolor Info: Model `tHsb' substituted by `hsb' on input line 1368.
Package xcolor Info: Model `HSB' substituted by `hsb' on input line 1369.
Package xcolor Info: Model `Gray' substituted by `gray' on input line 1370.
Package xcolor Info: Model `wave' substituted by `hsb' on input line 1371.
)
(/usr/local/texlive/2017/texmf-dist/tex/latex/booktabs/booktabs.sty
Package: booktabs 2016/04/27 v1.618033 publication quality tables
\heavyrulewidth=\dimen158
\lightrulewidth=\dimen159
\cmidrulewidth=\dimen160
\belowrulesep=\dimen161
\belowbottomsep=\dimen162
\aboverulesep=\dimen163
\abovetopsep=\dimen164
\cmidrulesep=\dimen165
\cmidrulekern=\dimen166
\defaultaddspace=\dimen167
\@cmidla=\count282
\@cmidlb=\count283
\@aboverulesep=\dimen168
\@belowrulesep=\dimen169
\@thisruleclass=\count284
\@lastruleclass=\count285
\@thisrulewidth=\dimen170
)
(/usr/local/texlive/2017/texmf-dist/tex/latex/preprint/authblk.sty
Package: authblk 2001/02/27 1.3 (PWD)
\affilsep=\skip123
\@affilsep=\skip124
\c@Maxaffil=\count286
\c@authors=\count287
\c@affil=\count288
)
(/usr/local/texlive/2017/texmf-dist/tex/latex/geometry/geometry.sty
Package: geometry 2010/09/12 v5.6 Page Geometry

(/usr/local/texlive/2017/texmf-dist/tex/generic/oberdiek/ifvtex.sty
Package: ifvtex 2016/05/16 v1.6 Detect VTeX and its facilities (HO)
Package ifvtex Info: VTeX not detected.
)
\Gm@cnth=\count289
\Gm@cntv=\count290
\c@Gm@tempcnt=\count291
\Gm@bindingoffset=\dimen171
\Gm@wd@mp=\dimen172
\Gm@odd@mp=\dimen173
\Gm@even@mp=\dimen174
\Gm@layoutwidth=\dimen175
\Gm@layoutheight=\dimen176
\Gm@layouthoffset=\dimen177
\Gm@layoutvoffset=\dimen178
\Gm@dimlist=\toks23
)
(/usr/local/texlive/2017/texmf-dist/tex/latex/changepage/changepage.sty
Package: changepage 2009/10/20 v1.0c check page and change page layout
\c@cp@cntr=\count292
\cp@tempcnt=\count293
)
(/usr/local/texlive/2017/texmf-dist/tex/latex/silence/silence.sty
Package: silence 2012/07/02 v1.5b Selective filtering of warnings and error mess
ages
\sl@Save=\count294
\sl@StateNumber=\count295
\sl@MessageCount=\count296
\sl@Casualties=\count297
\sl@Filter=\toks24
\sl@Message=\toks25
\sl@UnexpandedMessage=\toks26
\sl@Mess@ge=\toks27
\sl@WarningCount=\count298
\sl@WarningNumber=\count299
\sl@WarningCasualties=\count300
\sl@TempBOW=\toks28
\sl@BankOfWarnings=\toks29
LaTeX Info: Redefining \GenericWarning on input line 433.
\sl@ErrorCount=\count301
\sl@ErrorNumber=\count302
\sl@ErrorCasualties=\count303
\sl@TempBOE=\toks30
\sl@BankOfErrors=\toks31
LaTeX Info: Redefining \GenericError on input line 601.
)
(/usr/local/texlive/2017/texmf-dist/tex/latex/caption/caption.sty
Package: caption 2016/02/21 v3.3-144 Customizing captions (AR)

(/usr/local/texlive/2017/texmf-dist/tex/latex/caption/caption3.sty
Package: caption3 2016/05/22 v1.7-166 caption3 kernel (AR)
Package caption3 Info: TeX engine: e-TeX on input line 67.
\captionmargin=\dimen179
\captionmargin@=\dimen180
\captionwidth=\dimen181
\caption@tempdima=\dimen182
\caption@indent=\dimen183
\caption@parindent=\dimen184
\caption@hangindent=\dimen185
)
\c@ContinuedFloat=\count304
)
(/usr/local/texlive/2017/texmf-dist/tex/latex/natbib/natbib.sty
Package: natbib 2010/09/13 8.31b (PWD, AO)
\bibhang=\skip125
\bibsep=\skip126
LaTeX Info: Redefining \cite on input line 694.
\c@NAT@ctr=\count305
)
(/usr/local/texlive/2017/texmf-dist/tex/latex/achemso/natmove.sty
Package: natmove 2010/01/15 v1.1a Automatic citation moving with natbib
)
(/usr/local/texlive/2017/texmf-dist/tex/latex/fancyhdr/fancyhdr.sty
Package: fancyhdr 2017/06/30 v3.9a Extensive control of page headers and footers

\f@nch@headwidth=\skip127
\f@nch@O@elh=\skip128
\f@nch@O@erh=\skip129
\f@nch@O@olh=\skip130
\f@nch@O@orh=\skip131
\f@nch@O@elf=\skip132
\f@nch@O@erf=\skip133
\f@nch@O@olf=\skip134
\f@nch@O@orf=\skip135
)
(/usr/local/texlive/2017/texmf-dist/tex/latex/lastpage/lastpage.sty
Package: lastpage 2015/03/29 v1.2m Refers to last page's name (HMM; JPG)
)
(/usr/local/texlive/2017/texmf-dist/tex/latex/titlesec/titlesec.sty
Package: titlesec 2016/03/21 v2.10.2 Sectioning titles
\ttl@box=\box50
\beforetitleunit=\skip136
\aftertitleunit=\skip137
\ttl@plus=\dimen186
\ttl@minus=\dimen187
\ttl@toksa=\toks32
\titlewidth=\dimen188
\titlewidthlast=\dimen189
\titlewidthfirst=\dimen190
)
(/usr/local/texlive/2017/texmf-dist/tex/latex/enumitem/enumitem.sty
Package: enumitem 2011/09/28 v3.5.2 Customized lists
\labelindent=\skip138
\enit@outerparindent=\dimen191
\enit@toks=\toks33
\enit@inbox=\box51
\enitdp@description=\count306
)
(/usr/local/texlive/2017/texmf-dist/tex/generic/oberdiek/alphalph.sty
Package: alphalph 2016/05/16 v2.5 Convert numbers to letters (HO)

(/usr/local/texlive/2017/texmf-dist/tex/generic/oberdiek/intcalc.sty
Package: intcalc 2016/05/16 v1.2 Expandable calculations with integers (HO)
))
\c@authorfn=\count307

(/usr/local/texlive/2017/texmf-dist/tex/latex/environ/environ.sty
Package: environ 2014/05/04 v0.3 A new way to define environments

(/usr/local/texlive/2017/texmf-dist/tex/latex/trimspaces/trimspaces.sty
Package: trimspaces 2009/09/17 v1.1 Trim spaces around a token list
))
(/usr/local/texlive/2017/texmf-dist/tex/latex/textpos/textpos.sty
Package: textpos 2016/06/07 v1.8

Package: textpos 2016/06/07 1.8, absolute positioning of text on the page
\TP@textbox=\box52
\TPHorizModule=\dimen192
\TPVertModule=\dimen193
\TP@margin=\dimen194
\TP@absmargin=\dimen195
Grid set 16 x 16 = 38.39343pt x 49.68562pt
\TPboxrulesize=\dimen196
\TP@tbargs=\toks34
\TP@prevdepth=\dimen197
) (/usr/local/texlive/2017/texmf-dist/tex/latex/caption/newfloat.sty
Package: newfloat 2015/09/17 v1.1-109 Defining new floating environments (AR)
)
(/usr/local/texlive/2017/texmf-dist/tex/latex/wrapfig/wrapfig.sty
\wrapoverhang=\dimen198
\WF@size=\dimen199
\c@WF@wrappedlines=\count308
\WF@box=\box53
\WF@everypar=\toks35
Package: wrapfig 2003/01/31  v 3.6
)
Package newfloat Info: New float `featurebox' with options `placement=hbt,name=B
ox' on input line 388.
\c@featurebox=\count309
\newfloat@ftype=\count310
Package newfloat Info: float type `featurebox'=8 on input line 388.
\c@featurefigure=\count311
\c@featuretable=\count312

(/usr/local/texlive/2017/texmf-dist/tex/latex/algorithms/algorithm.sty
Package: algorithm 2009/08/24 v0.1 Document Style `algorithm' - floating environ
ment

(/usr/local/texlive/2017/texmf-dist/tex/latex/float/float.sty
Package: float 2001/11/08 v1.3d Float enhancements (AL)
\c@float@type=\count313
\float@exts=\toks36
\float@box=\box54
\@float@everytoks=\toks37
\@floatcapt=\box55
)
(/usr/local/texlive/2017/texmf-dist/tex/latex/base/ifthen.sty
Package: ifthen 2014/09/29 v1.1c Standard LaTeX ifthen package (DPC)
)
\@float@every@algorithm=\toks38
\c@algorithm=\count314
)
(/usr/local/texlive/2017/texmf-dist/tex/latex/algorithmicx/algpseudocode.sty
Package: algpseudocode 

(/usr/local/texlive/2017/texmf-dist/tex/latex/algorithmicx/algorithmicx.sty
Package: algorithmicx 2005/04/27 v1.2 Algorithmicx

Document Style algorithmicx 1.2 - a greatly improved `algorithmic' style
\c@ALG@line=\count315
\c@ALG@rem=\count316
\c@ALG@nested=\count317
\ALG@tlm=\skip139
\ALG@thistlm=\skip140
\c@ALG@Lnr=\count318
\c@ALG@blocknr=\count319
\c@ALG@storecount=\count320
\c@ALG@tmpcounter=\count321
\ALG@tmplength=\skip141
)
Document Style - pseudocode environments for use with the `algorithmicx' style
)
\c@figsupp=\count322
\c@data=\count323
 (/usr/local/texlive/2017/texmf-dist/tex/latex/newfile/newfile.sty
Package: newfile 2009/09/03 v1.0c Output and input files

(/usr/local/texlive/2017/texmf-dist/tex/latex/tools/verbatim.sty
Package: verbatim 2014/10/28 v1.5q LaTeX2e package for verbatim enhancements
\every@verbatim=\toks39
\verbatim@line=\toks40
\verbatim@in@stream=\read2
)
\c@streamvline=\count324
)
\suppinfooutstre@m=\write3

\openout3 = main.suppinfo

(/usr/local/texlive/2017/texmf-dist/tex/latex/fontawesome/fontawesome.sty
Package: fontawesome 2016/05/15 v4.6.3.1 font awesome icons

(/usr/local/texlive/2017/texmf-dist/tex/latex/fontawesome/fontawesomesymbols-ge
neric.tex)
luaotfload | cache : Lookup cache loaded from /Users/toni_brain/Library/texlive/
2017/texmf-var/luatex-cache/generic/names/luaotfload-lookup-cache.luc.(load luc:
 /Users/toni_brain/Library/texlive/2017/texmf-var/luatex-cache/generic/fonts/otl
/fontawesome.luc)
luaotfload | aux : font no 31 (nil) defines no feature for script latn
luaotfload | aux : no font with id 31
.................................................
. fontspec info: "no-scripts"
. 
. Font "FontAwesome" does not contain any OpenType `Script' information.
.................................................
\g__fontspec_family_FontAwesome_int=\count325
.................................................
. fontspec info: "no-font-shape"
. 
. Could not resolve font "FontAwesome/BI" (it probably doesn't exist).
.................................................
.................................................
. fontspec info: "no-font-shape"
. 
. Could not resolve font "FontAwesome/B" (it probably doesn't exist).
.................................................
.................................................
. fontspec info: "no-font-shape"
. 
. Could not resolve font "FontAwesome/I" (it probably doesn't exist).
.................................................
luaotfload | aux : font no 31 (nil) does not define feature smcp for script  wit
h language 
luaotfload | aux : no font with id 31
.................................................
. fontspec info: "defining-font"
. 
. Font family 'FontAwesome(0)' created for font 'FontAwesome' with options [].
.  
.  This font family consists of the following NFSS series/shapes:
.  
. - 'normal' (m/n) with NFSS spec.: <->"FontAwesome:mode=node;"
. - 'small caps'  (m/sc) with NFSS spec.: 
.................................................

(/usr/local/texlive/2017/texmf-dist/tex/latex/fontawesome/fontawesomesymbols-xe
luatex.tex))
Package newfloat Info: New float `Checklists' with options `placement=hbtp,name=
Checklists' on input line 548.
\c@Checklists=\count326
Package newfloat Info: float type `Checklists'=8 on input line 548.
\c@checklist=\count327

(/usr/local/texlive/2017/texmf-dist/tex/latex/hyperref/hyperref.sty
Package: hyperref 2017/03/14 v6.85a Hypertext links for LaTeX

(/usr/local/texlive/2017/texmf-dist/tex/generic/oberdiek/hobsub-hyperref.sty
Package: hobsub-hyperref 2016/05/16 v1.14 Bundle oberdiek, subset hyperref (HO)

(/usr/local/texlive/2017/texmf-dist/tex/generic/oberdiek/hobsub-generic.sty
Package: hobsub-generic 2016/05/16 v1.14 Bundle oberdiek, subset generic (HO)
Package: hobsub 2016/05/16 v1.14 Construct package bundles (HO)
Package hobsub Info: Skipping package `infwarerr' (already loaded).
Package hobsub Info: Skipping package `ltxcmds' (already loaded).
Package hobsub Info: Skipping package `ifluatex' (already loaded).
Package hobsub Info: Skipping package `ifvtex' (already loaded).
Package hobsub Info: Skipping package `intcalc' (already loaded).
Package hobsub Info: Skipping package `ifpdf' (already loaded).
Package hobsub Info: Skipping package `etexcmds' (already loaded).
Package hobsub Info: Skipping package `kvsetkeys' (already loaded).
Package hobsub Info: Skipping package `kvdefinekeys' (already loaded).
Package: luatex-loader 2016/05/16 v0.6 Lua module loader (HO)

(/usr/local/texlive/2017/texmf-dist/scripts/oberdiek/oberdiek.luatex.lua)
Package hobsub Info: Skipping package `pdftexcmds' (already loaded).
Package: pdfescape 2016/05/16 v1.14 Implements pdfTeX's escape features (HO)
Package: bigintcalc 2016/05/16 v1.4 Expandable calculations on big integers (HO)

Package: bitset 2016/05/16 v1.2 Handle bit-vector datatype (HO)
Package: uniquecounter 2016/05/16 v1.3 Provide unlimited unique counter (HO)
)
Package hobsub Info: Skipping package `hobsub' (already loaded).
Package: letltxmacro 2016/05/16 v1.5 Let assignment for LaTeX macros (HO)
Package: hopatch 2016/05/16 v1.3 Wrapper for package hooks (HO)
Package: xcolor-patch 2016/05/16 xcolor patch
Package: atveryend 2016/05/16 v1.9 Hooks at the very end of document (HO)
Package hobsub Info: Skipping package `atbegshi' (already loaded).
Package: refcount 2016/05/16 v3.5 Data extraction from label references (HO)
Package: hycolor 2016/05/16 v1.8 Color options for hyperref/bookmark (HO)
)
\@linkdim=\dimen256
\Hy@linkcounter=\count328
\Hy@pagecounter=\count329

(/usr/local/texlive/2017/texmf-dist/tex/latex/hyperref/pd1enc.def
File: pd1enc.def 2017/03/14 v6.85a Hyperref: PDFDocEncoding definition (HO)
)
\Hy@SavedSpaceFactor=\count330

(/usr/local/texlive/2017/texmf-dist/tex/latex/latexconfig/hyperref.cfg
File: hyperref.cfg 2002/06/06 v1.2 hyperref configuration of TeXLive
)
Package hyperref Info: Option `colorlinks' set `true' on input line 4374.
Package hyperref Info: Hyper figures OFF on input line 4498.
Package hyperref Info: Link nesting OFF on input line 4503.
Package hyperref Info: Hyper index ON on input line 4506.
Package hyperref Info: Plain pages OFF on input line 4513.
Package hyperref Info: Backreferencing OFF on input line 4518.
Package hyperref Info: Implicit mode ON; LaTeX internals redefined.
Package hyperref Info: Bookmarks ON on input line 4751.
\c@Hy@tempcnt=\count331

(/usr/local/texlive/2017/texmf-dist/tex/latex/url/url.sty
\Urlmuskip=\muskip17
Package: url 2013/09/16  ver 3.4  Verb mode for urls, etc.
)
LaTeX Info: Redefining \url on input line 5104.
\XeTeXLinkMargin=\dimen257
\Fld@menulength=\count332
\Field@Width=\dimen258
\Fld@charsize=\dimen259
Package hyperref Info: Hyper figures OFF on input line 6358.
Package hyperref Info: Link nesting OFF on input line 6363.
Package hyperref Info: Hyper index ON on input line 6366.
Package hyperref Info: backreferencing OFF on input line 6373.
Package hyperref Info: Link coloring ON on input line 6376.
Package hyperref Info: Link coloring with OCG OFF on input line 6383.
Package hyperref Info: PDF/A mode OFF on input line 6388.
LaTeX Info: Redefining \ref on input line 6428.
LaTeX Info: Redefining \pageref on input line 6432.
\Hy@abspage=\count333
\c@Item=\count334
\c@Hfootnote=\count335
)

Package hyperref Message: Driver (autodetected): hluatex.

(/usr/local/texlive/2017/texmf-dist/tex/latex/hyperref/hluatex.def
File: hluatex.def 2017/03/14 v6.85a Hyperref driver for luaTeX
\Fld@listcount=\count336
\c@bookmark@seq@number=\count337

(/usr/local/texlive/2017/texmf-dist/tex/latex/oberdiek/rerunfilecheck.sty
Package: rerunfilecheck 2016/05/16 v1.8 Rerun checks for auxiliary files (HO)
Package uniquecounter Info: New unique counter `rerunfilecheck' on input line 28
2.
)
\Hy@SectionHShift=\skip142
))
(/usr/local/texlive/2017/texmf-dist/tex/latex/lipsum/lipsum.sty
Package: lipsum 2014/07/27 v1.3 150 paragraphs of Lorem Ipsum dummy text
\c@lips@count=\count338
)
(/usr/local/texlive/2017/texmf-dist/tex/latex/mhchem/mhchem.sty
Package: mhchem 2017/07/24 v4.07 for typesetting chemical formulae

(/usr/local/texlive/2017/texmf-dist/tex/latex/l3packages/l3keys2e/l3keys2e.sty
Package: l3keys2e 2017/11/14 LaTeX2e option processing using LaTeX3 keys
) (/usr/local/texlive/2017/texmf-dist/tex/latex/chemgreek/chemgreek.sty
Package: chemgreek 2016/12/20 v1.1 interfaceforuprightgreeklettersforuseinchemis
try (CN)
\l__chemgreek_tmpa_int=\count339
\g__chemgreek_tmpa_int=\count340
.................................................
. LaTeX info: "xparse/define-command"
. 
. Defining command \newchemgreekmapping with sig. 'O{}mm' on line 336.
.................................................
.................................................
. LaTeX info: "xparse/define-command"
. 
. Defining command \renewchemgreekmapping with sig. 'O{}mm' on line 339.
.................................................
.................................................
. LaTeX info: "xparse/define-command"
. 
. Defining command \declarechemgreekmapping with sig. 'O{}mm' on line 342.
.................................................
.................................................
. LaTeX info: "xparse/define-command"
. 
. Defining command \newchemgreekmappingalias with sig. 'mm' on line 347.
.................................................
.................................................
. LaTeX info: "xparse/define-command"
. 
. Defining command \renewchemgreekmappingalias with sig. 'mm' on line 350.
.................................................
.................................................
. LaTeX info: "xparse/define-command"
. 
. Defining command \declarechemgreekmappingalias with sig. 'mm' on line 353.
.................................................
.................................................
. LaTeX info: "xparse/define-command"
. 
. Defining command \changechemgreeksymbol with sig. 'mmmm' on line 383.
.................................................
.................................................
. LaTeX info: "xparse/define-command"
. 
. Defining command \chemgreekmappingsymbol with sig. 'mm' on line 477.
.................................................
.................................................
. LaTeX info: "xparse/define-command"
. 
. Defining command \activatechemgreekmapping with sig. 'sm' on line 486.
.................................................
.................................................
. LaTeX info: "xparse/define-command"
. 
. Defining command \selectchemgreekmapping with sig. 'm' on line 491.
.................................................
)
\l__mhchem_ce_distanceFromLastComma_int=\count341
\__mhchem_arrow_extPgfLength_skip=\skip143
\mhchem@minispace@tmp=\skip144
\mhchem@minibackspace@tmp=\skip145
\mhchem@bondwidth=\skip146
\mhchem@bondheight=\skip147
\mhchem@smallbondwidth@tmpA=\skip148
\mhchem@smallbondwidth@tmpB=\skip149
\mhchem@smallbondwidth=\skip150
\mhchem@bondtmp@minussidebearingleft=\skip151
\mhchem@bondtmp@minussidebearingright=\skip152
\l__mhchem_option_version_int=\count342
\mhchem@option@minusmathsidebearingleft=\dimen260
\mhchem@option@minusmathsidebearingright=\dimen261
\mhchem@option@minustextsidebearingleft=\dimen262
\mhchem@option@minustextsidebearingright=\dimen263
)
(/usr/local/texlive/2017/texmf-dist/tex/latex/siunitx/siunitx.sty
Package: siunitx 2017/11/26 v2.7k A comprehensive (SI) units package

(/usr/local/texlive/2017/texmf-dist/tex/latex/tools/array.sty
Package: array 2016/10/06 v2.4d Tabular extension package (FMi)
\col@sep=\dimen264
\extrarowheight=\dimen265
\NC@list=\toks41
\extratabsurround=\skip153
\backup@length=\skip154
)
\l__siunitx_tmp_box=\box56
\l__siunitx_tmp_dim=\dimen266
\l__siunitx_tmp_int=\count343
\l__siunitx_number_mantissa_length_int=\count344
\l__siunitx_number_uncert_length_int=\count345
\l__siunitx_round_int=\count346
\l__siunitx_process_decimal_int=\count347
\l__siunitx_process_uncertainty_int=\count348
\l__siunitx_process_fixed_int=\count349
\l__siunitx_process_integer_min_int=\count350
\l__siunitx_process_precision_int=\count351
\l__siunitx_group_min_int=\count352
\l__siunitx_angle_marker_box=\box57
\l__siunitx_angle_unit_box=\box58
\l__siunitx_angle_marker_dim=\dimen267
\l__siunitx_angle_unit_dim=\dimen268
\l__siunitx_unit_int=\count353
\l__siunitx_unit_denominator_int=\count354
\l__siunitx_unit_numerator_int=\count355
\l__siunitx_unit_prefix_int=\count356
\l__siunitx_unit_prefix_base_int=\count357
\l__siunitx_unit_prefix_gram_int=\count358
\l__siunitx_number_product_int=\count359
\c__siunitx_one_fill_skip=\skip155
\l__siunitx_table_unit_align_skip=\skip156
\l__siunitx_table_exponent_dim=\dimen269
\l__siunitx_table_integer_dim=\dimen270
\l__siunitx_table_mantissa_dim=\dimen271
\l__siunitx_table_marker_dim=\dimen272
\l__siunitx_table_result_dim=\dimen273
\l__siunitx_table_uncert_dim=\dimen274
\l__siunitx_table_fill_pre_dim=\dimen275
\l__siunitx_table_fill_post_dim=\dimen276
\l__siunitx_table_fill_mid_dim=\dimen277
\l__siunitx_table_pre_box=\box59
\l__siunitx_table_post_box=\box60
\l__siunitx_table_mantissa_box=\box61
\l__siunitx_table_result_box=\box62
\l__siunitx_table_number_align_skip=\skip157
\l__siunitx_table_text_align_skip=\skip158
.................................................
. LaTeX info: "xparse/define-command"
. 
. Defining command \DeclareBinaryPrefix with sig. 'mmm' on line 7250.
.................................................
.................................................
. LaTeX info: "xparse/define-command"
. 
. Defining command \DeclareSIPostPower with sig. 'mm' on line 7253.
.................................................
.................................................
. LaTeX info: "xparse/define-command"
. 
. Defining command \DeclareSIPrefix with sig. 'mmm' on line 7256.
.................................................
.................................................
. LaTeX info: "xparse/define-command"
. 
. Defining command \DeclareSIPrePower with sig. 'mm' on line 7259.
.................................................
.................................................
. LaTeX info: "xparse/define-command"
. 
. Defining command \DeclareSIQualifier with sig. 'mm' on line 7262.
.................................................
.................................................
. LaTeX info: "xparse/define-command"
. 
. Defining command \DeclareSIUnit with sig. 'O{}mm' on line 7265.
.................................................
.................................................
. LaTeX info: "xparse/define-command"
. 
. Defining command \DeclareSIUnitWithOptions with sig. 'mmm' on line 7268.
.................................................
.................................................
. LaTeX info: "xparse/define-command"
. 
. Defining command \ang with sig. 'o>{\SplitArgument {2}{;}}m' on line 7283.
.................................................
.................................................
. LaTeX info: "xparse/define-command"
. 
. Defining command \num with sig. 'om' on line 7292.
.................................................
.................................................
. LaTeX info: "xparse/define-command"
. 
. Defining command \numlist with sig. 'o>{\SplitList {;}}m' on line 7301.
.................................................
.................................................
. LaTeX info: "xparse/define-command"
. 
. Defining command \numrange with sig. 'omm' on line 7310.
.................................................
.................................................
. LaTeX info: "xparse/define-command"
. 
. Defining command \SIlist with sig. 'o>{\SplitList {;}}mm' on line 7322.
.................................................
.................................................
. LaTeX info: "xparse/define-command"
. 
. Defining command \SIrange with sig. 'ommm' on line 7334.
.................................................
.................................................
. LaTeX info: "xparse/define-command"
. 
. Defining command \SI with sig. 'omom' on line 7346.
.................................................
.................................................
. LaTeX info: "xparse/define-command"
. 
. Defining command \sisetup with sig. 'm' on line 7349.
.................................................
.................................................
. LaTeX info: "xparse/define-command"
. 
. Defining command \tablenum with sig. 'om' on line 7364.
.................................................
.................................................
. LaTeX info: "xparse/define-command"
. 
. Defining command \si with sig. 'om' on line 7376.
.................................................
.................................................
. LaTeX info: "xparse/define-command"
. 
. Defining command \numInBookmark with sig. 'om' on line 7423.
.................................................
.................................................
. LaTeX info: "xparse/define-command"
. 
. Defining command \numrangeInBookmark with sig. 'omm' on line 7425.
.................................................
.................................................
. LaTeX info: "xparse/define-command"
. 
. Defining command \SIInBookmark with sig. 'omom' on line 7427.
.................................................
.................................................
. LaTeX info: "xparse/define-command"
. 
. Defining command \SIlistInBookmark with sig. 'omm' on line 7429.
.................................................
.................................................
. LaTeX info: "xparse/define-command"
. 
. Defining command \SIrangeInBookmark with sig. 'ommm' on line 7431.
.................................................
.................................................
. LaTeX info: "xparse/define-command"
. 
. Defining command \siInBookmark with sig. 'om' on line 7432.
.................................................

(/usr/local/texlive/2017/texmf-dist/tex/latex/beamer/translator/translator.sty
Package: translator 2010/06/12 ver 1.10

(/usr/local/texlive/2017/texmf-dist/tex/latex/beamer/translator/translator-lang
uage-mappings.tex)))
(/usr/local/texlive/2017/texmf-dist/tex/latex/mathastext/mathastext.sty
Package: mathastext 2016/11/06 v1.3r Use the text font in math mode (JFB)
\mst@exists@muskip=\muskip18
\mst@forall@muskip=\muskip19
\mst@prime@muskip=\muskip20
\mst@do@nonletters=\toks42
\mst@do@easynonletters=\toks43
\mst@do@az=\toks44
\mst@do@AZ=\toks45
\symmtoperatorfont=\mathgroup6
\symmtletterfont=\mathgroup7
LaTeX Font Info:    Overwriting math alphabet `\mathnormalbold' in version `norm
al'
(Font)                  TU/OpenSans(0)/bx/it --> TU/OpenSans(0)/bx/it on input l
ine 1102.
LaTeX Font Info:    Overwriting math alphabet `\mathnormalbold' in version `bold
'
(Font)                  TU/OpenSans(0)/bx/it --> TU/OpenSans(0)/bx/it on input l
ine 1102.
LaTeX Font Info:    Overwriting symbol font `mtletterfont' in version `normal'
(Font)                  TU/OpenSans(0)/m/it --> TU/OpenSans(0)/m/it on input lin
e 1102.
LaTeX Font Info:    Overwriting symbol font `mtletterfont' in version `bold'
(Font)                  TU/OpenSans(0)/m/it --> TU/OpenSans(0)/bx/it on input li
ne 1102.
LaTeX Font Info:    Overwriting symbol font `mtoperatorfont' in version `normal'

(Font)                  TU/OpenSans(0)/m/n --> TU/OpenSans(0)/m/n on input line 
1102.
LaTeX Font Info:    Overwriting symbol font `mtoperatorfont' in version `bold'
(Font)                  TU/OpenSans(0)/m/n --> TU/OpenSans(0)/bx/n on input line
 1102.
LaTeX Font Info:    Overwriting math alphabet `\Mathbf' in version `normal'
(Font)                  TU/OpenSans(0)/bx/n --> TU/OpenSans(0)/bx/n on input lin
e 1102.
LaTeX Font Info:    Overwriting math alphabet `\Mathbf' in version `bold'
(Font)                  TU/OpenSans(0)/bx/n --> TU/OpenSans(0)/bx/n on input lin
e 1102.
LaTeX Font Info:    Overwriting math alphabet `\Mathit' in version `normal'
(Font)                  TU/OpenSans(0)/m/it --> TU/OpenSans(0)/m/it on input lin
e 1102.
LaTeX Font Info:    Overwriting math alphabet `\Mathit' in version `bold'
(Font)                  TU/OpenSans(0)/m/it --> TU/OpenSans(0)/bx/it on input li
ne 1102.
LaTeX Font Info:    Overwriting math alphabet `\Mathsf' in version `normal'
(Font)                  TU/lmss/m/n --> TU/lmss/m/n on input line 1102.
LaTeX Font Info:    Overwriting math alphabet `\Mathsf' in version `bold'
(Font)                  TU/lmss/m/n --> TU/lmss/bx/n on input line 1102.
LaTeX Font Info:    Overwriting math alphabet `\Mathtt' in version `normal'
(Font)                  TU/lmtt/m/n --> TU/lmtt/m/n on input line 1102.
LaTeX Font Info:    Overwriting math alphabet `\Mathtt' in version `bold'
(Font)                  TU/lmtt/m/n --> TU/lmtt/bx/n on input line 1102.

** Latin letters in the normal (resp. bold) math versions are now
** set up to use the fonts TU/OpenSans(0)/m(bx)/it
** Other characters (digits, ...) and \log-like names will be
** typeset with the n shape.
** ! and ?
** punctuation: , . : ; and \colon
** minus as endash
** \hbar
** + and =
** adding = ; and + to \nfss@catcodes
** parentheses ( ) [ ] and slash /
** alldelims: < > \backslash \setminus | \vert \mid \{ and \}
LaTeX Font Info:    Redeclaring math delimiter \backslash on input line 1396.
LaTeX Font Info:    Redeclaring math symbol \setminus on input line 1408.
LaTeX Info: Redefining \models on input line 1417.
** \# \mathdollar \% \& 
** \i and \j 
LaTeX Info: Redefining \i on input line 1988.
LaTeX Info: Redefining \j on input line 1989.
** \HUGE has been (re)-defined.
** mathastext has declared larger sizes for subscripts.
** To keep LaTeX defaults, use option `defaultmathsizes'.
) (./main.aux)
\openout1 = main.aux

LaTeX Font Info:    Checking defaults for OML/cmm/m/it on input line 55.
LaTeX Font Info:    ... okay on input line 55.
LaTeX Font Info:    Checking defaults for T1/cmr/m/n on input line 55.
LaTeX Font Info:    ... okay on input line 55.
LaTeX Font Info:    Checking defaults for OT1/cmr/m/n on input line 55.
LaTeX Font Info:    ... okay on input line 55.
LaTeX Font Info:    Checking defaults for OMS/cmsy/m/n on input line 55.
LaTeX Font Info:    ... okay on input line 55.
LaTeX Font Info:    Checking defaults for TU/lmr/m/n on input line 55.
LaTeX Font Info:    ... okay on input line 55.
LaTeX Font Info:    Checking defaults for OMX/cmex/m/n on input line 55.
LaTeX Font Info:    ... okay on input line 55.
LaTeX Font Info:    Checking defaults for U/cmr/m/n on input line 55.
LaTeX Font Info:    ... okay on input line 55.
LaTeX Font Info:    Checking defaults for PD1/pdf/m/n on input line 55.
LaTeX Font Info:    ... okay on input line 55.
\AtBeginShipoutBox=\box63

(/usr/local/texlive/2017/texmf-dist/tex/context/base/mkii/supp-pdf.mkii
[Loading MPS to PDF converter (version 2006.09.02).]
\scratchcounter=\count360
\scratchdimen=\dimen278
\scratchbox=\box64
\nofMPsegments=\count361
\nofMParguments=\count362
\everyMPshowfont=\toks46
\MPscratchCnt=\count363
\MPscratchDim=\dimen279
\MPnumerator=\count364
\makeMPintoPDFobject=\count365
\everyMPtoPDFconversion=\toks47
) (/usr/local/texlive/2017/texmf-dist/tex/latex/oberdiek/epstopdf-base.sty
Package: epstopdf-base 2016/05/15 v2.6 Base part for package epstopdf

(/usr/local/texlive/2017/texmf-dist/tex/latex/oberdiek/grfext.sty
Package: grfext 2016/05/16 v1.2 Manage graphics extensions (HO)
)
Package epstopdf-base Info: Redefining graphics rule for `.eps' on input line 43
8.
Package grfext Info: Graphics extension search list:
(grfext)             [.pdf,.png,.jpg,.mps,.jpeg,.jbig2,.jb2,.PDF,.PNG,.JPG,.JPEG
,.JBIG2,.JB2,.eps]
(grfext)             \AppendGraphicsExtensions on input line 456.

(/usr/local/texlive/2017/texmf-dist/tex/latex/latexconfig/epstopdf-sys.cfg
File: epstopdf-sys.cfg 2010/07/13 v1.3 Configuration of (r)epstopdf for TeX Live

))
LaTeX Info: Redefining \microtypecontext on input line 55.
Package microtype Info: Generating PDF output.
Package microtype Info: Character protrusion enabled (level 2).
Package microtype Info: Using default protrusion set `alltext'.
Package microtype Info: Automatic font expansion enabled (level 2),
(microtype)             stretch: 20, shrink: 20, step: 1, non-selected.
Package microtype Info: Using default expansion set `basictext'.
Package microtype Info: No adjustment of tracking.
Package microtype Info: No adjustment of spacing.
Package microtype Info: No adjustment of kerning.
Package microtype Info: Loading generic protrusion settings for font family
(microtype)             `OpenSans' (encoding: TU).
(microtype)             For optimal results, create family-specific settings.
(microtype)             See the microtype manual for details.

*geometry* driver: auto-detecting
*geometry* detected driver: pdftex
*geometry* verbose mode - [ preamble ] result:
* driver: pdftex
* paper: letterpaper
* layout: <same size as paper>
* layoutoffset:(h,v)=(0.0pt,0.0pt)
* modes: 
* h-part:(L,W,R)=(56.9055pt, 520.40083pt, 36.98866pt)
* v-part:(T,H,B)=(56.9055pt, 666.9326pt, 71.13188pt)
* \paperwidth=614.295pt
* \paperheight=794.96999pt
* \textwidth=520.40083pt
* \textheight=666.9326pt
* \oddsidemargin=-15.36449pt
* \evensidemargin=-15.36449pt
* \topmargin=-58.26448pt
* \headheight=21.0pt
* \headsep=21.9pt
* \topskip=9.0pt
* \footskip=30.0pt
* \marginparwidth=74.0pt
* \marginparsep=10.0pt
* \columnsep=18.0pt
* \skip\footins=8.0pt plus 4.0pt minus 2.0pt
* \hoffset=0.0pt
* \voffset=0.0pt
* \mag=1000
* \@twocolumnfalse
* \@twosidefalse
* \@mparswitchfalse
* \@reversemargintrue
* (1in=72.27pt=25.4mm, 1cm=28.453pt)

Package caption Info: Begin \AtBeginDocument code.
Package caption Info: float package is loaded.
Package caption Info: hyperref package is loaded.
Package caption Info: wrapfig package is loaded.
Package caption Info: End \AtBeginDocument code.
Package lastpage Info: Please have a look at the pageslts package at
(lastpage)             https://www.ctan.org/pkg/pageslts
(lastpage)             ! on input line 55.
Package hyperref Info: Link coloring ON on input line 55.
(/usr/local/texlive/2017/texmf-dist/tex/latex/hyperref/nameref.sty
Package: nameref 2016/05/21 v2.44 Cross-referencing by name of section

(/usr/local/texlive/2017/texmf-dist/tex/generic/oberdiek/gettitlestring.sty
Package: gettitlestring 2016/05/16 v1.5 Cleanup title references (HO)
)
\c@section@level=\count366
)
LaTeX Info: Redefining \ref on input line 55.
LaTeX Info: Redefining \pageref on input line 55.
LaTeX Info: Redefining \nameref on input line 55.

(./main.out) (./main.out)
\@outlinefile=\write4

\openout4 = main.out
.................................................
. chemgreek info: "mapping-activated"
. 
. Activating mapping `fontspec' on line 55.
.................................................

(/usr/local/texlive/2017/texmf-dist/tex/latex/beamer/translator/dicts/translato
r-basic-dictionary/translator-basic-dictionary-English.dict
Dictionary: translator-basic-dictionary, Language: English 
)
(/usr/local/texlive/2017/texmf-dist/tex/latex/siunitx/siunitx-abbreviations.cfg
File: siunitx-abbreviations.cfg 2017/11/26 v2.7k siunitx: Abbreviated units
)
Package mathastext Info: current meaning of amsmath \resetMathstrut@ saved on in
put line 55.
\c__siunitx_mathsf_int=\count367
 (/usr/local/texlive/2017/texmf-dist/tex/latex/microtype/mt-cmr.cfg
File: mt-cmr.cfg 2013/05/19 v2.2 microtype config. file: Computer Modern Roman (
RS)
)
LaTeX Font Info:    Try loading font information for U+msa on input line 55.

(/usr/local/texlive/2017/texmf-dist/tex/latex/amsfonts/umsa.fd
File: umsa.fd 2013/01/14 v3.01 AMS symbols A
)
(/usr/local/texlive/2017/texmf-dist/tex/latex/microtype/mt-msa.cfg
File: mt-msa.cfg 2006/02/04 v1.1 microtype config. file: AMS symbols (a) (RS)
)
LaTeX Font Info:    Try loading font information for U+msb on input line 55.

(/usr/local/texlive/2017/texmf-dist/tex/latex/amsfonts/umsb.fd
File: umsb.fd 2013/01/14 v3.01 AMS symbols B
)
(/usr/local/texlive/2017/texmf-dist/tex/latex/microtype/mt-msb.cfg
File: mt-msb.cfg 2005/06/01 v1.0 microtype config. file: AMS symbols (b) (RS)
)(load luc: /Users/toni_brain/Library/texlive/2017/texmf-var/luatex-cache/generi
c/fonts/otl/lmsans9-regular.luc)
Package microtype Info: Loading generic protrusion settings for font family
(microtype)             `lmss' (encoding: TU).
(microtype)             For optimal results, create family-specific settings.
(microtype)             See the microtype manual for details.
(load luc: /Users/toni_brain/Library/texlive/2017/texmf-var/luatex-cache/generic
/fonts/otl/lmsans8-regular.luc)
\c__siunitx_mathtt_int=\count368
(load luc: /Users/toni_brain/Library/texlive/2017/texmf-var/luatex-cache/generic
/fonts/otl/lmmono9-regular.luc)
Package microtype Info: Loading generic protrusion settings for font family
(microtype)             `lmtt' (encoding: TU).
(microtype)             For optimal results, create family-specific settings.
(microtype)             See the microtype manual for details.
(load luc: /Users/toni_brain/Library/texlive/2017/texmf-var/luatex-cache/generic
/fonts/otl/lmmono8-regular.luc)(load luc: /Users/toni_brain/Library/texlive/2017
/texmf-var/luatex-cache/generic/fonts/otl/lmsans10-regular.luc)(load luc: /Users
/toni_brain/Library/texlive/2017/texmf-var/luatex-cache/generic/fonts/otl/lmmono
10-regular.luc)
LaTeX Font Info:    Font shape `TU/lmss/m/it' in size <7> not available
(Font)              Font shape `TU/lmss/m/sl' tried instead on input line 70.
(load luc: /Users/toni_brain/Library/texlive/2017/texmf-var/luatex-cache/generic
/fonts/otl/lmsans8-oblique.luc)
Underfull \hbox (badness 10000) in paragraph at lines 70--70

 []


Overfull \hbox (6.0pt too wide) has occurred while \output is active
 [][][][][][][]| 
 []

[1{/usr/local/texlive/2017/texmf-var/fonts/map/pdftex/updmap/pdftex.map}


]
Package mdframed Info: mdframed inside float 
 mdframed uses option nobreak mdframed on input line 118.
Package mdframed Info: mdframed inside a box 
 mdframed uses option nobreak mdframed on input line 118.
Package mdframed Info: mdframed inside float 
 mdframed uses option nobreak mdframed on input line 127.
Package mdframed Info: mdframed inside a box 
 mdframed uses option nobreak mdframed on input line 127.

Overfull \hbox (7.54657pt too wide) in paragraph at lines 168--171
\TU/OpenSans(0)/m/n/9 changelog at [][]$\TU/lmss/m/n/9 https://github.com/myacc
ount/homegithubrepository$[][]\TU/OpenSans(0)/m/n/9 . 
 []

No file main.bbl.

AED: lastpage setting LastPage

Overfull \hbox (6.0pt too wide) has occurred while \output is active
 [][][][][][][]| 
 []

[2] (./main.suppinfo)
Package atveryend Info: Empty hook `BeforeClearDocument' on input line 194.
Package atveryend Info: Empty hook `AfterLastShipout' on input line 194.
 (./main.aux)
Package atveryend Info: Executing hook `AtVeryEndDocument' on input line 194.
Package atveryend Info: Executing hook `AtEndAfterFileList' on input line 194.
Package rerunfilecheck Info: File `main.out' has not changed.
(rerunfilecheck)             Checksum: 2B8055C75A72454A8312CC8C170960D4;625.
)

Here is how much of LuaTeX's memory you used:
 30312 strings out of 494483
 100000,953878 words of node,token memory allocated
 765 words of node memory still in use:
   6 hlist, 2 vlist, 2 rule, 2 glue, 1 kern, 10 attribute, 106 glue_spec, 10 att
ribute_list, 2 write, 3 pdf_action nodes
   avail lists: 1:6,2:631,3:256,4:188,5:252,6:3342,7:1008,8:96,9:206,10:19,11:28
2
 32961 multiletter control sequences out of 65536+600000
 111 fonts using 15157207 bytes
 44i,13n,69p,2619b,2656s stack positions out of 5000i,500n,10000p,200000b,100000s
</usr/local/texlive/2017/texmf-dist/fonts/opentype/public/lm/lmsans9-regular.otf
></usr/local/texlive/2017/texmf-dist/fonts/opentype/public/lm/lmmono9-regular.ot
f></usr/local/texlive/2017/texmf-dist/fonts/opentype/public/lm/lmsans8-oblique.o
tf></usr/local/texlive/2017/texmf-dist/fonts/truetype/public/opensans/OpenSans-I
talic.ttf></usr/local/texlive/2017/texmf-dist/fonts/truetype/public/opensans/Ope
nSans-Bold.ttf></usr/local/texlive/2017/texmf-dist/fonts/truetype/public/opensan
s/OpenSans-Regular.ttf></usr/local/texlive/2017/texmf-dist/fonts/type1/public/am
sfonts/symbols/msam10.pfb>
Output written on main.pdf (2 pages, 53984 bytes).

PDF statistics: 124 PDF objects out of 1000 (max. 8388607)
 100 compressed objects within 1 object stream
 15 named destinations out of 1000 (max. 131072)
 89 words of extra memory for PDF output out of 10000 (max. 100000000)

